[debug] [2018-07-21T17:02:52.052Z] ----------------------------------------------------------------------
[debug] [2018-07-21T17:02:52.054Z] Command:       C:\Program Files\nodejs\node.exe C:\Users\alice\AppData\Roaming\npm\node_modules\firebase-tools\bin\firebase serve
[debug] [2018-07-21T17:02:52.055Z] CLI Version:   3.19.3
[debug] [2018-07-21T17:02:52.055Z] Platform:      win32
[debug] [2018-07-21T17:02:52.055Z] Node Version:  v8.11.1
[debug] [2018-07-21T17:02:52.055Z] Time:          Sun Jul 22 2018 00:02:52 GMT+0700 (SE Asia Standard Time)
[debug] [2018-07-21T17:02:52.055Z] ----------------------------------------------------------------------
[debug] 
[debug] [2018-07-21T17:02:52.068Z] > command requires scopes: ["email","openid","https://www.googleapis.com/auth/cloudplatformprojects.readonly","https://www.googleapis.com/auth/firebase","https://www.googleapis.com/auth/cloud-platform"]
[debug] [2018-07-21T17:02:52.069Z] > authorizing via signed-in user
[debug] [2018-07-21T17:02:52.071Z] >>> HTTP REQUEST GET https://admin.firebase.com/v1/projects/unbokeh  
  
 Sun Jul 22 2018 00:02:52 GMT+0700 (SE Asia Standard Time)
[debug] [2018-07-21T17:02:53.168Z] <<< HTTP RESPONSE 200
[debug] [2018-07-21T17:02:53.169Z] >>> HTTP REQUEST GET https://admin.firebase.com/v1/database/unbokeh/tokens  
  
 Sun Jul 22 2018 00:02:53 GMT+0700 (SE Asia Standard Time)
[debug] [2018-07-21T17:02:54.015Z] <<< HTTP RESPONSE 200
[debug] [2018-07-21T17:02:54.016Z] >>> HTTP REQUEST GET https://cloudresourcemanager.googleapis.com/v1/projects/unbokeh  
  
 Sun Jul 22 2018 00:02:54 GMT+0700 (SE Asia Standard Time)
[debug] [2018-07-21T17:02:55.419Z] <<< HTTP RESPONSE 200
[info] 
[info] === Serving from 'C:\projects\unbokeh-bot'...
[info] 
[debug] [2018-07-21T17:02:55.422Z] >>> HTTP REQUEST GET https://mobilesdk-pa.googleapis.com/v1/projects/461268559292/clients/_:getWebAppConfig  
  
 Sun Jul 22 2018 00:02:55 GMT+0700 (SE Asia Standard Time)
[debug] [2018-07-21T17:02:56.455Z] <<< HTTP RESPONSE 200
[info] i  hosting: Serving hosting files from: node app
[info] +  hosting: Local server: http://localhost:5000

